action: unit, msg: getenv
cwd: /home/christianbrintnall/Projects/ci/bread_jobs
cmd: /home/christianbrintnall/Projects/ci/bread_jobs/.tox/unit/bin/python -m pip install pytest
Looking in indexes: https://pypi.org/simple, http://amp-pypi-repository.s3-website-us-west-2.amazonaws.com
Collecting pytest
  Using cached https://files.pythonhosted.org/packages/2f/19/d5f71752f71451ccc5ed5f6739e9da4a235f38783fdaf3629cae41b2ca7b/pytest-5.1.2-py3-none-any.whl
Collecting wcwidth (from pytest)
  Using cached https://files.pythonhosted.org/packages/7e/9f/526a6947247599b084ee5232e4f9190a38f398d7300d866af3ab571a5bfe/wcwidth-0.1.7-py2.py3-none-any.whl
Collecting more-itertools>=4.0.0 (from pytest)
  Using cached https://files.pythonhosted.org/packages/45/dc/3241eef99eb45f1def35cf93af35d1cf9ef4c0991792583b8f33ea41b092/more_itertools-7.2.0-py3-none-any.whl
Collecting importlib-metadata>=0.12; python_version < "3.8" (from pytest)
  Using cached https://files.pythonhosted.org/packages/89/77/8bae90e4534a8fee1e0c3ee4890e2c7d215dccd7386cf2ec7555e529d6bb/importlib_metadata-0.20-py2.py3-none-any.whl
Collecting pluggy<1.0,>=0.12 (from pytest)
  Using cached https://files.pythonhosted.org/packages/06/ee/de89e0582276e3551df3110088bf20844de2b0e7df2748406876cc78e021/pluggy-0.12.0-py2.py3-none-any.whl
Collecting py>=1.5.0 (from pytest)
  Using cached https://files.pythonhosted.org/packages/76/bc/394ad449851729244a97857ee14d7cba61ddb268dce3db538ba2f2ba1f0f/py-1.8.0-py2.py3-none-any.whl
Collecting packaging (from pytest)
  Using cached https://files.pythonhosted.org/packages/ec/22/630ac83e8f8a9566c4f88038447ed9e16e6f10582767a01f31c769d9a71e/packaging-19.1-py2.py3-none-any.whl
Collecting attrs>=17.4.0 (from pytest)
  Using cached https://files.pythonhosted.org/packages/23/96/d828354fa2dbdf216eaa7b7de0db692f12c234f7ef888cc14980ef40d1d2/attrs-19.1.0-py2.py3-none-any.whl
Collecting atomicwrites>=1.0 (from pytest)
  Using cached https://files.pythonhosted.org/packages/52/90/6155aa926f43f2b2a22b01be7241be3bfd1ceaf7d0b3267213e8127d41f4/atomicwrites-1.3.0-py2.py3-none-any.whl
Collecting zipp>=0.5 (from importlib-metadata>=0.12; python_version < "3.8"->pytest)
  Using cached https://files.pythonhosted.org/packages/74/3d/1ee25a26411ba0401b43c6376d2316a71addcc72ef8690b101b4ea56d76a/zipp-0.6.0-py2.py3-none-any.whl
Collecting six (from packaging->pytest)
  Using cached https://files.pythonhosted.org/packages/73/fb/00a976f728d0d1fecfe898238ce23f502a721c0ac0ecfedb80e0d88c64e9/six-1.12.0-py2.py3-none-any.whl
Collecting pyparsing>=2.0.2 (from packaging->pytest)
  Using cached https://files.pythonhosted.org/packages/11/fa/0160cd525c62d7abd076a070ff02b2b94de589f1a9789774f17d7c54058e/pyparsing-2.4.2-py2.py3-none-any.whl
Installing collected packages: wcwidth, more-itertools, zipp, importlib-metadata, pluggy, py, six, pyparsing, attrs, packaging, atomicwrites, pytest
Successfully installed atomicwrites-1.3.0 attrs-19.1.0 importlib-metadata-0.20 more-itertools-7.2.0 packaging-19.1 pluggy-0.12.0 py-1.8.0 pyparsing-2.4.2 pytest-5.1.2 six-1.12.0 wcwidth-0.1.7 zipp-0.6.0
WARNING: You are using pip version 19.1, however version 19.2.3 is available.
You should consider upgrading via the 'pip install --upgrade pip' command.
